0 info it worked if it ends with ok
1 verbose cli [ '/usr/bin/node', '/usr/bin/npm', 'run', 'start-dev' ]
2 info using npm@3.5.2
3 info using node@v8.10.0
4 verbose run-script [ 'prestart-dev', 'start-dev', 'poststart-dev' ]
5 info lifecycle electron-react-typescript@0.0.7~prestart-dev: electron-react-typescript@0.0.7
6 silly lifecycle electron-react-typescript@0.0.7~prestart-dev: no script for prestart-dev, continuing
7 info lifecycle electron-react-typescript@0.0.7~start-dev: electron-react-typescript@0.0.7
8 verbose lifecycle electron-react-typescript@0.0.7~start-dev: unsafe-perm in lifecycle true
9 verbose lifecycle electron-react-typescript@0.0.7~start-dev: PATH: /usr/share/npm/bin/node-gyp-bin:/mnt/c/Users/narah/Desktop/electron-react-typescript/node_modules/.bin:/home/narahari387/.local/bin:/home/narahari387/custom-packages/git-subrepo/lib:/usr/local/sbin:/usr/local/bin:/usr/sbin:/usr/bin:/sbin:/bin:/usr/games:/usr/local/games:/mnt/c/Program Files/WindowsApps/CanonicalGroupLimited.Ubuntu18.04onWindows_1804.2019.522.0_x64__79rhkp1fndgsc:/mnt/c/Program Files/NVIDIA GPU Computing Toolkit/CUDA/v10.2/bin:/mnt/c/Program Files/NVIDIA GPU Computing Toolkit/CUDA/v10.2/libnvvp:/mnt/c/Program Files (x86)/Intel/Intel(R) Management Engine Components/iCLS:/mnt/c/Program Files/Intel/Intel(R) Management Engine Components/iCLS:/mnt/c/Windows/System32:/mnt/c/Windows:/mnt/c/Windows/System32/wbem:/mnt/c/Windows/System32/WindowsPowerShell/v1.0:/mnt/c/Windows/System32/OpenSSH:/mnt/c/Program Files (x86)/NVIDIA Corporation/PhysX/Common:/mnt/c/Program Files/PuTTY:/mnt/c/Program Files/NVIDIA Corporation/Nsight Compute 2019.5.0:/mnt/c/Program Files/NVIDIA Corporation/NVIDIA NvDLISR:/mnt/c/Program Files/Intel/WiFi/bin:/mnt/c/Program Files/Common Files/Intel/WirelessCommon:/mnt/c/Program Files/Java/jdk-13.0.1/bin:/mnt/c/Program Files/dotnet:/mnt/c/Users/narah/.dotnet/tools:/mnt/c/Users/narah/AppData/Local/Programs/Microsoft VS Code/bin:/snap/bin
10 verbose lifecycle electron-react-typescript@0.0.7~start-dev: CWD: /mnt/c/Users/narah/Desktop/electron-react-typescript
11 silly lifecycle electron-react-typescript@0.0.7~start-dev: Args: [ '-c', 'cross-env START_HOT=1 npm run start-renderer-dev' ]
12 silly lifecycle electron-react-typescript@0.0.7~start-dev: Returned: code: 1  signal: null
13 info lifecycle electron-react-typescript@0.0.7~start-dev: Failed to exec start-dev script
14 verbose stack Error: electron-react-typescript@0.0.7 start-dev: `cross-env START_HOT=1 npm run start-renderer-dev`
14 verbose stack Exit status 1
14 verbose stack     at EventEmitter.<anonymous> (/usr/share/npm/lib/utils/lifecycle.js:232:16)
14 verbose stack     at emitTwo (events.js:126:13)
14 verbose stack     at EventEmitter.emit (events.js:214:7)
14 verbose stack     at ChildProcess.<anonymous> (/usr/share/npm/lib/utils/spawn.js:24:14)
14 verbose stack     at emitTwo (events.js:126:13)
14 verbose stack     at ChildProcess.emit (events.js:214:7)
14 verbose stack     at maybeClose (internal/child_process.js:925:16)
14 verbose stack     at Process.ChildProcess._handle.onexit (internal/child_process.js:209:5)
15 verbose pkgid electron-react-typescript@0.0.7
16 verbose cwd /mnt/c/Users/narah/Desktop/electron-react-typescript
17 error Linux 4.4.0-17763-Microsoft
18 error argv "/usr/bin/node" "/usr/bin/npm" "run" "start-dev"
19 error node v8.10.0
20 error npm  v3.5.2
21 error code ELIFECYCLE
22 error electron-react-typescript@0.0.7 start-dev: `cross-env START_HOT=1 npm run start-renderer-dev`
22 error Exit status 1
23 error Failed at the electron-react-typescript@0.0.7 start-dev script 'cross-env START_HOT=1 npm run start-renderer-dev'.
23 error Make sure you have the latest version of node.js and npm installed.
23 error If you do, this is most likely a problem with the electron-react-typescript package,
23 error not with npm itself.
23 error Tell the author that this fails on your system:
23 error     cross-env START_HOT=1 npm run start-renderer-dev
23 error You can get information on how to open an issue for this project with:
23 error     npm bugs electron-react-typescript
23 error Or if that isn't available, you can get their info via:
23 error     npm owner ls electron-react-typescript
23 error There is likely additional logging output above.
24 verbose exit [ 1, true ]
